<?xml version="1.0" encoding="UTF-8"?>
<testsuite xmlns:xsi="http://www.w3.org/2001/XMLSchema-instance" xsi:noNamespaceSchemaLocation="https://maven.apache.org/surefire/maven-surefire-plugin/xsd/surefire-test-report-3.0.xsd" version="3.0" name="com.RedTeamHrms.Runners.testRunner" time="47.398" tests="0" errors="0" skipped="0" failures="0">
  <properties>
    <property name="java.specification.version" value="13"/>
    <property name="webdriver.chrome.driver" value="C:\Users\bacht\.m2\repository\webdriver\chromedriver\win32\83.0.4103.39\chromedriver.exe"/>
    <property name="sun.cpu.isalist" value="amd64"/>
    <property name="sun.jnu.encoding" value="Cp1252"/>
    <property name="java.class.path" value="C:\Users\bacht\eclipse-workspace\RedTeamHrms\target\test-classes;C:\Users\bacht\eclipse-workspace\RedTeamHrms\target\classes;C:\Users\bacht\.m2\repository\org\seleniumhq\selenium\selenium-java\3.141.59\selenium-java-3.141.59.jar;C:\Users\bacht\.m2\repository\org\seleniumhq\selenium\selenium-api\3.141.59\selenium-api-3.141.59.jar;C:\Users\bacht\.m2\repository\org\seleniumhq\selenium\selenium-chrome-driver\3.141.59\selenium-chrome-driver-3.141.59.jar;C:\Users\bacht\.m2\repository\org\seleniumhq\selenium\selenium-edge-driver\3.141.59\selenium-edge-driver-3.141.59.jar;C:\Users\bacht\.m2\repository\org\seleniumhq\selenium\selenium-firefox-driver\3.141.59\selenium-firefox-driver-3.141.59.jar;C:\Users\bacht\.m2\repository\org\seleniumhq\selenium\selenium-ie-driver\3.141.59\selenium-ie-driver-3.141.59.jar;C:\Users\bacht\.m2\repository\org\seleniumhq\selenium\selenium-opera-driver\3.141.59\selenium-opera-driver-3.141.59.jar;C:\Users\bacht\.m2\repository\org\seleniumhq\selenium\selenium-remote-driver\3.141.59\selenium-remote-driver-3.141.59.jar;C:\Users\bacht\.m2\repository\org\seleniumhq\selenium\selenium-safari-driver\3.141.59\selenium-safari-driver-3.141.59.jar;C:\Users\bacht\.m2\repository\org\seleniumhq\selenium\selenium-support\3.141.59\selenium-support-3.141.59.jar;C:\Users\bacht\.m2\repository\net\bytebuddy\byte-buddy\1.8.15\byte-buddy-1.8.15.jar;C:\Users\bacht\.m2\repository\org\apache\commons\commons-exec\1.3\commons-exec-1.3.jar;C:\Users\bacht\.m2\repository\com\google\guava\guava\25.0-jre\guava-25.0-jre.jar;C:\Users\bacht\.m2\repository\com\google\code\findbugs\jsr305\1.3.9\jsr305-1.3.9.jar;C:\Users\bacht\.m2\repository\org\checkerframework\checker-compat-qual\2.0.0\checker-compat-qual-2.0.0.jar;C:\Users\bacht\.m2\repository\com\google\errorprone\error_prone_annotations\2.1.3\error_prone_annotations-2.1.3.jar;C:\Users\bacht\.m2\repository\com\google\j2objc\j2objc-annotations\1.1\j2objc-annotations-1.1.jar;C:\Users\bacht\.m2\repository\org\codehaus\mojo\animal-sniffer-annotations\1.14\animal-sniffer-annotations-1.14.jar;C:\Users\bacht\.m2\repository\com\squareup\okhttp3\okhttp\3.11.0\okhttp-3.11.0.jar;C:\Users\bacht\.m2\repository\com\squareup\okio\okio\1.14.0\okio-1.14.0.jar;C:\Users\bacht\.m2\repository\org\testng\testng\7.1.0\testng-7.1.0.jar;C:\Users\bacht\.m2\repository\com\beust\jcommander\1.72\jcommander-1.72.jar;C:\Users\bacht\.m2\repository\com\google\inject\guice\4.1.0\guice-4.1.0-no_aop.jar;C:\Users\bacht\.m2\repository\javax\inject\javax.inject\1\javax.inject-1.jar;C:\Users\bacht\.m2\repository\aopalliance\aopalliance\1.0\aopalliance-1.0.jar;C:\Users\bacht\.m2\repository\org\yaml\snakeyaml\1.21\snakeyaml-1.21.jar;C:\Users\bacht\.m2\repository\org\apache\poi\poi\4.1.2\poi-4.1.2.jar;C:\Users\bacht\.m2\repository\commons-codec\commons-codec\1.13\commons-codec-1.13.jar;C:\Users\bacht\.m2\repository\org\apache\commons\commons-collections4\4.4\commons-collections4-4.4.jar;C:\Users\bacht\.m2\repository\org\apache\commons\commons-math3\3.6.1\commons-math3-3.6.1.jar;C:\Users\bacht\.m2\repository\com\zaxxer\SparseBitSet\1.2\SparseBitSet-1.2.jar;C:\Users\bacht\.m2\repository\commons-io\commons-io\2.6\commons-io-2.6.jar;C:\Users\bacht\.m2\repository\io\cucumber\cucumber-junit\5.7.0\cucumber-junit-5.7.0.jar;C:\Users\bacht\.m2\repository\org\apiguardian\apiguardian-api\1.1.0\apiguardian-api-1.1.0.jar;C:\Users\bacht\.m2\repository\io\cucumber\cucumber-core\5.7.0\cucumber-core-5.7.0.jar;C:\Users\bacht\.m2\repository\io\cucumber\cucumber-gherkin\5.7.0\cucumber-gherkin-5.7.0.jar;C:\Users\bacht\.m2\repository\io\cucumber\cucumber-gherkin-vintage\5.7.0\cucumber-gherkin-vintage-5.7.0.jar;C:\Users\bacht\.m2\repository\io\cucumber\tag-expressions\2.0.4\tag-expressions-2.0.4.jar;C:\Users\bacht\.m2\repository\io\cucumber\cucumber-expressions\8.3.1\cucumber-expressions-8.3.1.jar;C:\Users\bacht\.m2\repository\io\cucumber\datatable\3.3.1\datatable-3.3.1.jar;C:\Users\bacht\.m2\repository\io\cucumber\cucumber-plugin\5.7.0\cucumber-plugin-5.7.0.jar;C:\Users\bacht\.m2\repository\io\cucumber\docstring\5.7.0\docstring-5.7.0.jar;C:\Users\bacht\.m2\repository\junit\junit\4.13\junit-4.13.jar;C:\Users\bacht\.m2\repository\org\hamcrest\hamcrest-core\1.3\hamcrest-core-1.3.jar;C:\Users\bacht\.m2\repository\io\cucumber\cucumber-java\5.7.0\cucumber-java-5.7.0.jar;C:\Users\bacht\.m2\repository\io\github\bonigarcia\webdrivermanager\3.8.1\webdrivermanager-3.8.1.jar;C:\Users\bacht\.m2\repository\org\slf4j\slf4j-api\1.7.25\slf4j-api-1.7.25.jar;C:\Users\bacht\.m2\repository\com\google\code\gson\gson\2.8.5\gson-2.8.5.jar;C:\Users\bacht\.m2\repository\org\apache\commons\commons-lang3\3.8.1\commons-lang3-3.8.1.jar;C:\Users\bacht\.m2\repository\org\apache\httpcomponents\httpclient\4.5.6\httpclient-4.5.6.jar;C:\Users\bacht\.m2\repository\org\apache\httpcomponents\httpcore\4.4.10\httpcore-4.4.10.jar;C:\Users\bacht\.m2\repository\commons-logging\commons-logging\1.2\commons-logging-1.2.jar;C:\Users\bacht\.m2\repository\org\rauschig\jarchivelib\1.0.0\jarchivelib-1.0.0.jar;C:\Users\bacht\.m2\repository\org\apache\commons\commons-compress\1.18\commons-compress-1.18.jar;C:\Users\bacht\.m2\repository\org\jsoup\jsoup\1.11.3\jsoup-1.11.3.jar;"/>
    <property name="java.vm.vendor" value="Oracle Corporation"/>
    <property name="sun.arch.data.model" value="64"/>
    <property name="user.variant" value=""/>
    <property name="java.vendor.url" value="https://java.oracle.com/"/>
    <property name="user.timezone" value="America/New_York"/>
    <property name="os.name" value="Windows 10"/>
    <property name="java.vm.specification.version" value="13"/>
    <property name="sun.java.launcher" value="SUN_STANDARD"/>
    <property name="user.country" value="US"/>
    <property name="sun.boot.library.path" value="C:\Program Files\Java\jdk-13.0.2\bin"/>
    <property name="sun.java.command" value="C:\Users\bacht\AppData\Local\Temp\surefire10972106221767350068\surefirebooter11174976026306975557.jar C:\Users\bacht\AppData\Local\Temp\surefire10972106221767350068 2020-06-15T13-40-56_521-jvmRun1 surefire1842624702813627090tmp surefire_091603749906628013tmp"/>
    <property name="jdk.debug" value="release"/>
    <property name="surefire.test.class.path" value="C:\Users\bacht\eclipse-workspace\RedTeamHrms\target\test-classes;C:\Users\bacht\eclipse-workspace\RedTeamHrms\target\classes;C:\Users\bacht\.m2\repository\org\seleniumhq\selenium\selenium-java\3.141.59\selenium-java-3.141.59.jar;C:\Users\bacht\.m2\repository\org\seleniumhq\selenium\selenium-api\3.141.59\selenium-api-3.141.59.jar;C:\Users\bacht\.m2\repository\org\seleniumhq\selenium\selenium-chrome-driver\3.141.59\selenium-chrome-driver-3.141.59.jar;C:\Users\bacht\.m2\repository\org\seleniumhq\selenium\selenium-edge-driver\3.141.59\selenium-edge-driver-3.141.59.jar;C:\Users\bacht\.m2\repository\org\seleniumhq\selenium\selenium-firefox-driver\3.141.59\selenium-firefox-driver-3.141.59.jar;C:\Users\bacht\.m2\repository\org\seleniumhq\selenium\selenium-ie-driver\3.141.59\selenium-ie-driver-3.141.59.jar;C:\Users\bacht\.m2\repository\org\seleniumhq\selenium\selenium-opera-driver\3.141.59\selenium-opera-driver-3.141.59.jar;C:\Users\bacht\.m2\repository\org\seleniumhq\selenium\selenium-remote-driver\3.141.59\selenium-remote-driver-3.141.59.jar;C:\Users\bacht\.m2\repository\org\seleniumhq\selenium\selenium-safari-driver\3.141.59\selenium-safari-driver-3.141.59.jar;C:\Users\bacht\.m2\repository\org\seleniumhq\selenium\selenium-support\3.141.59\selenium-support-3.141.59.jar;C:\Users\bacht\.m2\repository\net\bytebuddy\byte-buddy\1.8.15\byte-buddy-1.8.15.jar;C:\Users\bacht\.m2\repository\org\apache\commons\commons-exec\1.3\commons-exec-1.3.jar;C:\Users\bacht\.m2\repository\com\google\guava\guava\25.0-jre\guava-25.0-jre.jar;C:\Users\bacht\.m2\repository\com\google\code\findbugs\jsr305\1.3.9\jsr305-1.3.9.jar;C:\Users\bacht\.m2\repository\org\checkerframework\checker-compat-qual\2.0.0\checker-compat-qual-2.0.0.jar;C:\Users\bacht\.m2\repository\com\google\errorprone\error_prone_annotations\2.1.3\error_prone_annotations-2.1.3.jar;C:\Users\bacht\.m2\repository\com\google\j2objc\j2objc-annotations\1.1\j2objc-annotations-1.1.jar;C:\Users\bacht\.m2\repository\org\codehaus\mojo\animal-sniffer-annotations\1.14\animal-sniffer-annotations-1.14.jar;C:\Users\bacht\.m2\repository\com\squareup\okhttp3\okhttp\3.11.0\okhttp-3.11.0.jar;C:\Users\bacht\.m2\repository\com\squareup\okio\okio\1.14.0\okio-1.14.0.jar;C:\Users\bacht\.m2\repository\org\testng\testng\7.1.0\testng-7.1.0.jar;C:\Users\bacht\.m2\repository\com\beust\jcommander\1.72\jcommander-1.72.jar;C:\Users\bacht\.m2\repository\com\google\inject\guice\4.1.0\guice-4.1.0-no_aop.jar;C:\Users\bacht\.m2\repository\javax\inject\javax.inject\1\javax.inject-1.jar;C:\Users\bacht\.m2\repository\aopalliance\aopalliance\1.0\aopalliance-1.0.jar;C:\Users\bacht\.m2\repository\org\yaml\snakeyaml\1.21\snakeyaml-1.21.jar;C:\Users\bacht\.m2\repository\org\apache\poi\poi\4.1.2\poi-4.1.2.jar;C:\Users\bacht\.m2\repository\commons-codec\commons-codec\1.13\commons-codec-1.13.jar;C:\Users\bacht\.m2\repository\org\apache\commons\commons-collections4\4.4\commons-collections4-4.4.jar;C:\Users\bacht\.m2\repository\org\apache\commons\commons-math3\3.6.1\commons-math3-3.6.1.jar;C:\Users\bacht\.m2\repository\com\zaxxer\SparseBitSet\1.2\SparseBitSet-1.2.jar;C:\Users\bacht\.m2\repository\commons-io\commons-io\2.6\commons-io-2.6.jar;C:\Users\bacht\.m2\repository\io\cucumber\cucumber-junit\5.7.0\cucumber-junit-5.7.0.jar;C:\Users\bacht\.m2\repository\org\apiguardian\apiguardian-api\1.1.0\apiguardian-api-1.1.0.jar;C:\Users\bacht\.m2\repository\io\cucumber\cucumber-core\5.7.0\cucumber-core-5.7.0.jar;C:\Users\bacht\.m2\repository\io\cucumber\cucumber-gherkin\5.7.0\cucumber-gherkin-5.7.0.jar;C:\Users\bacht\.m2\repository\io\cucumber\cucumber-gherkin-vintage\5.7.0\cucumber-gherkin-vintage-5.7.0.jar;C:\Users\bacht\.m2\repository\io\cucumber\tag-expressions\2.0.4\tag-expressions-2.0.4.jar;C:\Users\bacht\.m2\repository\io\cucumber\cucumber-expressions\8.3.1\cucumber-expressions-8.3.1.jar;C:\Users\bacht\.m2\repository\io\cucumber\datatable\3.3.1\datatable-3.3.1.jar;C:\Users\bacht\.m2\repository\io\cucumber\cucumber-plugin\5.7.0\cucumber-plugin-5.7.0.jar;C:\Users\bacht\.m2\repository\io\cucumber\docstring\5.7.0\docstring-5.7.0.jar;C:\Users\bacht\.m2\repository\junit\junit\4.13\junit-4.13.jar;C:\Users\bacht\.m2\repository\org\hamcrest\hamcrest-core\1.3\hamcrest-core-1.3.jar;C:\Users\bacht\.m2\repository\io\cucumber\cucumber-java\5.7.0\cucumber-java-5.7.0.jar;C:\Users\bacht\.m2\repository\io\github\bonigarcia\webdrivermanager\3.8.1\webdrivermanager-3.8.1.jar;C:\Users\bacht\.m2\repository\org\slf4j\slf4j-api\1.7.25\slf4j-api-1.7.25.jar;C:\Users\bacht\.m2\repository\com\google\code\gson\gson\2.8.5\gson-2.8.5.jar;C:\Users\bacht\.m2\repository\org\apache\commons\commons-lang3\3.8.1\commons-lang3-3.8.1.jar;C:\Users\bacht\.m2\repository\org\apache\httpcomponents\httpclient\4.5.6\httpclient-4.5.6.jar;C:\Users\bacht\.m2\repository\org\apache\httpcomponents\httpcore\4.4.10\httpcore-4.4.10.jar;C:\Users\bacht\.m2\repository\commons-logging\commons-logging\1.2\commons-logging-1.2.jar;C:\Users\bacht\.m2\repository\org\rauschig\jarchivelib\1.0.0\jarchivelib-1.0.0.jar;C:\Users\bacht\.m2\repository\org\apache\commons\commons-compress\1.18\commons-compress-1.18.jar;C:\Users\bacht\.m2\repository\org\jsoup\jsoup\1.11.3\jsoup-1.11.3.jar;"/>
    <property name="sun.cpu.endian" value="little"/>
    <property name="user.home" value="C:\Users\bacht"/>
    <property name="user.language" value="en"/>
    <property name="java.specification.vendor" value="Oracle Corporation"/>
    <property name="java.version.date" value="2020-01-14"/>
    <property name="java.home" value="C:\Program Files\Java\jdk-13.0.2"/>
    <property name="file.separator" value="\"/>
    <property name="basedir" value="C:\Users\bacht\eclipse-workspace\RedTeamHrms"/>
    <property name="java.vm.compressedOopsMode" value="32-bit"/>
    <property name="line.separator" value="&#10;"/>
    <property name="java.vm.specification.vendor" value="Oracle Corporation"/>
    <property name="java.specification.name" value="Java Platform API Specification"/>
    <property name="surefire.real.class.path" value="C:\Users\bacht\AppData\Local\Temp\surefire10972106221767350068\surefirebooter11174976026306975557.jar"/>
    <property name="user.script" value=""/>
    <property name="webdriver.chrome.logfile" value="true"/>
    <property name="sun.management.compiler" value="HotSpot 64-Bit Tiered Compilers"/>
    <property name="java.runtime.version" value="13.0.2+8"/>
    <property name="user.name" value="bacht"/>
    <property name="path.separator" value=";"/>
    <property name="os.version" value="10.0"/>
    <property name="java.runtime.name" value="Java(TM) SE Runtime Environment"/>
    <property name="file.encoding" value="Cp1252"/>
    <property name="java.vm.name" value="Java HotSpot(TM) 64-Bit Server VM"/>
    <property name="localRepository" value="C:\Users\bacht\.m2\repository"/>
    <property name="java.vendor.url.bug" value="https://bugreport.java.com/bugreport/"/>
    <property name="java.io.tmpdir" value="C:\Users\bacht\AppData\Local\Temp\"/>
    <property name="java.version" value="13.0.2"/>
    <property name="user.dir" value="C:\Users\bacht\eclipse-workspace\RedTeamHrms"/>
    <property name="os.arch" value="amd64"/>
    <property name="java.vm.specification.name" value="Java Virtual Machine Specification"/>
    <property name="sun.os.patch.level" value=""/>
    <property name="java.library.path" value="C:\Program Files\Java\jdk-13.0.2\bin;C:\Windows\Sun\Java\bin;C:\Windows\system32;C:\Windows;C:/Program Files/Java/jdk-13.0.2/bin/server;C:/Program Files/Java/jdk-13.0.2/bin;C:\Program Files (x86)\Common Files\Oracle\Java\javapath;C:\Windows\system32;C:\Windows;C:\Windows\System32\Wbem;C:\Windows\System32\WindowsPowerShell\v1.0\;C:\Windows\System32\OpenSSH\;C:\Program Files\Git\cmd;C:\Program Files\Java\jdk-13.0.2\bin;C:\Program Files\apache-maven-3.6.3\bin;C:\Users\bacht\AppData\Local\Microsoft\WindowsApps;;C:\Users\bacht\OneDrive\Desktop;;."/>
    <property name="java.vm.info" value="mixed mode, sharing"/>
    <property name="java.vendor" value="Oracle Corporation"/>
    <property name="java.vm.version" value="13.0.2+8"/>
    <property name="sun.io.unicode.encoding" value="UnicodeLittle"/>
    <property name="java.class.version" value="57.0"/>
  </properties>
</testsuite>